▶ [2026-01-22 23:31:41] [sleeper1] [PID:141907] Started
▶ [2026-01-22 23:31:42] [sleeper2] [PID:141938] Started
▶ [2026-01-22 23:31:43] [quick] [PID:141944] Started
● [2026-01-22 23:31:44] [sleeper1] [PID:141907] Running
● [2026-01-22 23:31:45] [sleeper2] [PID:141938] Running
✖ [2026-01-22 23:31:46] [quick] [PID:141944] Terminated
● [2026-01-22 23:31:47] [sleeper1] [PID:141907] Running
● [2026-01-22 23:31:48] [sleeper2] [PID:141938] Running
▶ [2026-01-22 23:32:07] [sleeper1] [PID:142098] Started
▶ [2026-01-22 23:32:08] [sleeper2] [PID:142099] Started
▶ [2026-01-22 23:32:09] [quick] [PID:142117] Started
● [2026-01-22 23:32:10] [sleeper1] [PID:142098] Running
● [2026-01-22 23:32:11] [sleeper2] [PID:142099] Running
✖ [2026-01-22 23:32:12] [quick] [PID:142117] Terminated
● [2026-01-22 23:32:13] [sleeper1] [PID:142098] Running
● [2026-01-22 23:32:14] [sleeper2] [PID:142099] Running
● [2026-01-22 23:32:15] [sleeper1] [PID:142098] Running
✖ [2026-01-22 23:32:16] [sleeper2] [PID:142099] Terminated
✖ [2026-01-22 23:32:17] [sleeper1] [PID:142098] Terminated
↻ [2026-01-22 23:32:18] [sleeper1] Restarting
▶ [2026-01-22 23:32:19] [sleeper1] [PID:142171] Started
● [2026-01-22 23:32:20] [sleeper1] [PID:142171] Running
● [2026-01-22 23:32:21] [sleeper1] [PID:142171] Running
● [2026-01-22 23:32:22] [sleeper1] [PID:142171] Running
● [2026-01-22 23:32:23] [sleeper1] [PID:142171] Running
● [2026-01-22 23:32:24] [sleeper1] [PID:142171] Running
● [2026-01-22 23:32:25] [sleeper1] [PID:142171] Running
● [2026-01-22 23:32:26] [sleeper1] [PID:142171] Running
● [2026-01-22 23:32:27] [sleeper1] [PID:142171] Running
● [2026-01-22 23:32:28] [sleeper1] [PID:142171] Running
✖ [2026-01-22 23:32:29] [sleeper1] [PID:142171] Terminated
↻ [2026-01-22 23:32:30] [sleeper1] Restarting
▶ [2026-01-22 23:32:31] [sleeper1] [PID:142223] Started
● [2026-01-22 23:32:32] [sleeper1] [PID:142223] Running
● [2026-01-22 23:32:33] [sleeper1] [PID:142223] Running
● [2026-01-22 23:32:34] [sleeper1] [PID:142223] Running
● [2026-01-22 23:32:35] [sleeper1] [PID:142223] Running
● [2026-01-22 23:32:36] [sleeper1] [PID:142223] Running
● [2026-01-22 23:32:37] [sleeper1] [PID:142223] Running
● [2026-01-22 23:32:38] [sleeper1] [PID:142223] Running
● [2026-01-22 23:32:39] [sleeper1] [PID:142223] Running
● [2026-01-22 23:32:40] [sleeper1] [PID:142223] Running
✖ [2026-01-22 23:32:41] [sleeper1] [PID:142223] Terminated
↻ [2026-01-22 23:32:42] [sleeper1] Restarting
▶ [2026-01-22 23:32:43] [sleeper1] [PID:142237] Started
● [2026-01-22 23:32:44] [sleeper1] [PID:142237] Running
● [2026-01-22 23:32:45] [sleeper1] [PID:142237] Running
● [2026-01-22 23:32:46] [sleeper1] [PID:142237] Running
● [2026-01-22 23:32:47] [sleeper1] [PID:142237] Running
● [2026-01-22 23:32:48] [sleeper1] [PID:142237] Running
● [2026-01-22 23:32:49] [sleeper1] [PID:142237] Running
● [2026-01-22 23:32:50] [sleeper1] [PID:142237] Running
● [2026-01-22 23:32:51] [sleeper1] [PID:142237] Running
● [2026-01-22 23:32:52] [sleeper1] [PID:142237] Running
✖ [2026-01-22 23:32:53] [sleeper1] [PID:142237] Terminated
↻ [2026-01-22 23:32:54] [sleeper1] Restarting
▶ [2026-01-22 23:32:55] [sleeper1] [PID:142252] Started
● [2026-01-22 23:32:56] [sleeper1] [PID:142252] Running
● [2026-01-22 23:32:57] [sleeper1] [PID:142252] Running
● [2026-01-22 23:32:58] [sleeper1] [PID:142252] Running
● [2026-01-22 23:32:59] [sleeper1] [PID:142252] Running
● [2026-01-22 23:33:00] [sleeper1] [PID:142252] Running
● [2026-01-22 23:33:01] [sleeper1] [PID:142252] Running
